<?xml version="1.0" encoding="UTF-8"?>
<testsuite name="ReadabilityTest" tests="1" skipped="0" failures="1" errors="0" timestamp="2025-11-06T10:44:00" hostname="TRAYANA" time="0.049">
  <properties/>
  <testcase name="start" classname="ReadabilityTest" time="0.049">
    <failure message="java.lang.AssertionError: Wrong answer in test #1&#10;&#10;There is no Automated Readability Index in output&#10;&#10;Please find below the output of your program during this failed test.&#10;Note that the '&gt;' character indicates the beginning of the input line.&#10;&#10;---&#10;&#10;Arguments: input.txt&#10;&#10;The text is:&#10;Readability is the ease with which a reader can understand a written text. In natural language, the readability of text depends on its content and its presentation. Researchers have used various factors to measure readability. Readability is more than simply legibility, which is a measure of how easily a reader can distinguish individual letters or characters from each other. Higher readability eases reading effort and speed for any reader, but it is especially important for those who do not have high reading comprehension. In readers with poor reading comprehension, raising the readability level of a text from mediocre to good can make the difference between success and failure&#10;Words: 108&#10;Sentences: 6&#10;Characters: 580&#10;Syllables: 196&#10;Polysyllables: 20&#10;Enter the score you want to calculate (ARI, FK, SMOG, CL, all): &gt; all&#10;Automated Readability Index: 12.86 (about 18 year olds).&#10;Flesch-Kincaid readability tests: 12.84 (about 18 year olds).&#10;Simple Measure of Gobbledygook: 13.56 (about 22 year olds).&#10;Coleman-Liau index: 14.13 (about 22 year olds).&#10;&#10;This text should be understood in average by 20.00 year olds." type="java.lang.AssertionError">java.lang.AssertionError: Wrong answer in test #1

There is no Automated Readability Index in output

Please find below the output of your program during this failed test.
Note that the '&gt;' character indicates the beginning of the input line.

---

Arguments: input.txt

The text is:
Readability is the ease with which a reader can understand a written text. In natural language, the readability of text depends on its content and its presentation. Researchers have used various factors to measure readability. Readability is more than simply legibility, which is a measure of how easily a reader can distinguish individual letters or characters from each other. Higher readability eases reading effort and speed for any reader, but it is especially important for those who do not have high reading comprehension. In readers with poor reading comprehension, raising the readability level of a text from mediocre to good can make the difference between success and failure
Words: 108
Sentences: 6
Characters: 580
Syllables: 196
Polysyllables: 20
Enter the score you want to calculate (ARI, FK, SMOG, CL, all): &gt; all
Automated Readability Index: 12.86 (about 18 year olds).
Flesch-Kincaid readability tests: 12.84 (about 18 year olds).
Simple Measure of Gobbledygook: 13.56 (about 22 year olds).
Coleman-Liau index: 14.13 (about 22 year olds).

This text should be understood in average by 20.00 year olds.
	at org.junit.Assert.fail(Assert.java:89)
	at org.hyperskill.hstest.stage.StageTest.start(StageTest.java:208)
	at java.base/jdk.internal.reflect.DirectMethodHandleAccessor.invoke(DirectMethodHandleAccessor.java:103)
	at java.base/java.lang.reflect.Method.invoke(Method.java:580)
	at org.junit.runners.model.FrameworkMethod$1.runReflectiveCall(FrameworkMethod.java:59)
	at org.junit.internal.runners.model.ReflectiveCallable.run(ReflectiveCallable.java:12)
	at org.junit.runners.model.FrameworkMethod.invokeExplosively(FrameworkMethod.java:56)
	at org.junit.internal.runners.statements.InvokeMethod.evaluate(InvokeMethod.java:17)
	at org.junit.runners.ParentRunner$3.evaluate(ParentRunner.java:306)
	at org.junit.runners.BlockJUnit4ClassRunner$1.evaluate(BlockJUnit4ClassRunner.java:100)
	at org.junit.runners.ParentRunner.runLeaf(ParentRunner.java:366)
	at org.junit.runners.BlockJUnit4ClassRunner.runChild(BlockJUnit4ClassRunner.java:103)
	at org.junit.runners.BlockJUnit4ClassRunner.runChild(BlockJUnit4ClassRunner.java:63)
	at org.junit.runners.ParentRunner$4.run(ParentRunner.java:331)
	at org.junit.runners.ParentRunner$1.schedule(ParentRunner.java:79)
	at org.junit.runners.ParentRunner.runChildren(ParentRunner.java:329)
	at org.junit.runners.ParentRunner.access$100(ParentRunner.java:66)
	at org.junit.runners.ParentRunner$2.evaluate(ParentRunner.java:293)
	at org.junit.runners.ParentRunner$3.evaluate(ParentRunner.java:306)
	at org.junit.runners.ParentRunner.run(ParentRunner.java:413)
	at org.gradle.api.internal.tasks.testing.junit.JUnitTestClassExecutor.runTestClass(JUnitTestClassExecutor.java:112)
	at org.gradle.api.internal.tasks.testing.junit.JUnitTestClassExecutor.execute(JUnitTestClassExecutor.java:58)
	at org.gradle.api.internal.tasks.testing.junit.JUnitTestClassExecutor.execute(JUnitTestClassExecutor.java:40)
	at org.gradle.api.internal.tasks.testing.junit.AbstractJUnitTestClassProcessor.processTestClass(AbstractJUnitTestClassProcessor.java:60)
	at org.gradle.api.internal.tasks.testing.SuiteTestClassProcessor.processTestClass(SuiteTestClassProcessor.java:52)
	at java.base/jdk.internal.reflect.DirectMethodHandleAccessor.invoke(DirectMethodHandleAccessor.java:103)
	at java.base/java.lang.reflect.Method.invoke(Method.java:580)
	at org.gradle.internal.dispatch.ReflectionDispatch.dispatch(ReflectionDispatch.java:36)
	at org.gradle.internal.dispatch.ReflectionDispatch.dispatch(ReflectionDispatch.java:24)
	at org.gradle.internal.dispatch.ContextClassLoaderDispatch.dispatch(ContextClassLoaderDispatch.java:33)
	at org.gradle.internal.dispatch.ProxyDispatchAdapter$DispatchingInvocationHandler.invoke(ProxyDispatchAdapter.java:94)
	at jdk.proxy1/jdk.proxy1.$Proxy2.processTestClass(Unknown Source)
	at org.gradle.api.internal.tasks.testing.worker.TestWorker$2.run(TestWorker.java:176)
	at org.gradle.api.internal.tasks.testing.worker.TestWorker.executeAndMaintainThreadName(TestWorker.java:129)
	at org.gradle.api.internal.tasks.testing.worker.TestWorker.execute(TestWorker.java:100)
	at org.gradle.api.internal.tasks.testing.worker.TestWorker.execute(TestWorker.java:60)
	at org.gradle.process.internal.worker.child.ActionExecutionWorker.execute(ActionExecutionWorker.java:56)
	at org.gradle.process.internal.worker.child.SystemApplicationClassLoaderWorker.call(SystemApplicationClassLoaderWorker.java:113)
	at org.gradle.process.internal.worker.child.SystemApplicationClassLoaderWorker.call(SystemApplicationClassLoaderWorker.java:65)
	at worker.org.gradle.process.internal.worker.GradleWorkerMain.run(GradleWorkerMain.java:69)
	at worker.org.gradle.process.internal.worker.GradleWorkerMain.main(GradleWorkerMain.java:74)
</failure>
  </testcase>
  <system-out><![CDATA[?[1;31m
Start test 1?[0m
The text is:
Readability is the ease with which a reader can understand a written text. In natural language, the readability of text depends on its content and its presentation. Researchers have used various factors to measure readability. Readability is more than simply legibility, which is a measure of how easily a reader can distinguish individual letters or characters from each other. Higher readability eases reading effort and speed for any reader, but it is especially important for those who do not have high reading comprehension. In readers with poor reading comprehension, raising the readability level of a text from mediocre to good can make the difference between success and failure
Words: 108
Sentences: 6
Characters: 580
Syllables: 196
Polysyllables: 20
Enter the score you want to calculate (ARI, FK, SMOG, CL, all): > all
Automated Readability Index: 12.86 (about 18 year olds).
Flesch-Kincaid readability tests: 12.84 (about 18 year olds).
Simple Measure of Gobbledygook: 13.56 (about 22 year olds).
Coleman-Liau index: 14.13 (about 22 year olds).

This text should be understood in average by 20.00 year olds.
]]></system-out>
  <system-err><![CDATA[]]></system-err>
</testsuite>
